0 info it worked if it ends with ok
1 verbose cli [ '/nix/store/a5ibcbcsm473kdr75kj4gpsr28ndnknp-nodejs-0.10.26/bin/node',
1 verbose cli   '/mnt/shared/sbin/npm',
1 verbose cli   'install',
1 verbose cli   'yourMissingDependency' ]
2 info using npm@1.4.3
3 info using node@v0.10.28
4 verbose cache add [ 'yourMissingDependency', null ]
5 verbose cache add name=undefined spec="yourMissingDependency" args=["yourMissingDependency",null]
6 verbose parsed url { protocol: null,
6 verbose parsed url   slashes: null,
6 verbose parsed url   auth: null,
6 verbose parsed url   host: null,
6 verbose parsed url   port: null,
6 verbose parsed url   hostname: null,
6 verbose parsed url   hash: null,
6 verbose parsed url   search: null,
6 verbose parsed url   query: null,
6 verbose parsed url   pathname: 'yourMissingDependency',
6 verbose parsed url   path: 'yourMissingDependency',
6 verbose parsed url   href: 'yourMissingDependency' }
7 silly lockFile 3ac30e48-yourMissingDependency yourMissingDependency
8 verbose lock yourMissingDependency /home/ubuntu/.npm/3ac30e48-yourMissingDependency.lock
9 silly lockFile 3ac30e48-yourMissingDependency yourMissingDependency
10 silly lockFile 3ac30e48-yourMissingDependency yourMissingDependency
11 verbose addNamed [ 'yourMissingDependency', '' ]
12 verbose addNamed [ null, '*' ]
13 silly lockFile 2e474c00-yourMissingDependency yourMissingDependency@
14 verbose lock yourMissingDependency@ /home/ubuntu/.npm/2e474c00-yourMissingDependency.lock
15 silly addNameRange { name: 'yourMissingDependency', range: '*', hasData: false }
16 verbose url raw yourMissingDependency
17 verbose url resolving [ 'https://registry.npmjs.org/', './yourMissingDependency' ]
18 verbose url resolved https://registry.npmjs.org/yourMissingDependency
19 info trying registry request attempt 1 at 05:24:22
20 http GET https://registry.npmjs.org/yourMissingDependency
21 http 404 https://registry.npmjs.org/yourMissingDependency
22 silly registry.get cb [ 404,
22 silly registry.get   { 'content-type': 'application/json',
22 silly registry.get     'cache-control': 'max-age=0',
22 silly registry.get     'content-length': '2',
22 silly registry.get     'accept-ranges': 'bytes',
22 silly registry.get     date: 'Wed, 02 Mar 2016 05:24:22 GMT',
22 silly registry.get     via: '1.1 varnish',
22 silly registry.get     age: '0',
22 silly registry.get     connection: 'keep-alive',
22 silly registry.get     'x-served-by': 'cache-dfw1827-DFW',
22 silly registry.get     'x-cache': 'MISS',
22 silly registry.get     'x-cache-hits': '0',
22 silly registry.get     'x-timer': 'S1456896262.747753,VS0,VE62' } ]
23 silly addNameRange number 2 { name: 'yourMissingDependency', range: '*', hasData: true }
24 silly addNameRange versions [ undefined, [] ]
25 error TypeError: Cannot read property 'latest' of undefined
25 error     at next (/nix/store/a5ibcbcsm473kdr75kj4gpsr28ndnknp-nodejs-0.10.26/lib/node_modules/npm/lib/cache.js:744:35)
25 error     at /nix/store/a5ibcbcsm473kdr75kj4gpsr28ndnknp-nodejs-0.10.26/lib/node_modules/npm/lib/cache.js:732:5
25 error     at saved (/nix/store/a5ibcbcsm473kdr75kj4gpsr28ndnknp-nodejs-0.10.26/lib/node_modules/npm/node_modules/npm-registry-client/lib/get.js:148:7)
25 error     at /nix/store/a5ibcbcsm473kdr75kj4gpsr28ndnknp-nodejs-0.10.26/lib/node_modules/npm/node_modules/graceful-fs/polyfills.js:133:7
25 error     at Object.oncomplete (fs.js:107:15)
26 error If you need help, you may report this *entire* log,
26 error including the npm and node versions, at:
26 error     <http://github.com/npm/npm/issues>
27 error System Linux 4.2.0-c9
28 error command "/nix/store/a5ibcbcsm473kdr75kj4gpsr28ndnknp-nodejs-0.10.26/bin/node" "/mnt/shared/sbin/npm" "install" "yourMissingDependency"
29 error cwd /home/ubuntu/workspace/phase0/phase-0/week-7
30 error node -v v0.10.28
31 error npm -v 1.4.3
32 error type non_object_property_load
33 verbose exit [ 1, true ]
